TN:
SF:middlewares/checkJwt.ts
FN:4,(anonymous_0)
FNF:1
FNH:0
FNDA:0,(anonymous_0)
DA:2,0
DA:4,0
DA:6,0
DA:10,0
DA:11,0
DA:12,0
DA:15,0
DA:16,0
DA:21,0
DA:22,0
DA:27,0
DA:30,0
LF:12
LH:0
BRF:0
BRH:0
end_of_record
TN:
SF:middlewares/checkRole.ts
FN:6,(anonymous_13)
FN:7,(anonymous_14)
FN:7,(anonymous_15)
FNF:3
FNH:0
FNDA:0,(anonymous_13)
FNDA:0,(anonymous_14)
FNDA:0,(anonymous_15)
DA:2,0
DA:4,0
DA:6,0
DA:7,0
DA:9,0
DA:12,0
DA:15,0
DA:17,0
DA:21,0
DA:22,0
LF:10
LH:0
BRDA:21,0,0,0
BRDA:21,0,1,0
BRF:2
BRH:0
end_of_record
TN:
SF:reviews/review.controller.ts
FN:4,(anonymous_13)
FN:6,(anonymous_15)
FN:6,(anonymous_16)
FN:19,(anonymous_18)
FN:19,(anonymous_19)
FN:32,(anonymous_21)
FN:32,(anonymous_22)
FN:44,(anonymous_24)
FN:44,(anonymous_25)
FN:56,(anonymous_27)
FN:56,(anonymous_28)
FN:69,(anonymous_30)
FN:69,(anonymous_31)
FNF:13
FNH:0
FNDA:0,(anonymous_13)
FNDA:0,(anonymous_15)
FNDA:0,(anonymous_16)
FNDA:0,(anonymous_18)
FNDA:0,(anonymous_19)
FNDA:0,(anonymous_21)
FNDA:0,(anonymous_22)
FNDA:0,(anonymous_24)
FNDA:0,(anonymous_25)
FNDA:0,(anonymous_27)
FNDA:0,(anonymous_28)
FNDA:0,(anonymous_30)
FNDA:0,(anonymous_31)
DA:2,0
DA:4,0
DA:6,0
DA:7,0
DA:8,0
DA:11,0
DA:13,0
DA:15,0
DA:19,0
DA:20,0
DA:21,0
DA:24,0
DA:26,0
DA:28,0
DA:32,0
DA:34,0
DA:36,0
DA:38,0
DA:40,0
DA:44,0
DA:45,0
DA:48,0
DA:50,0
DA:52,0
DA:56,0
DA:57,0
DA:60,0
DA:61,0
DA:63,0
DA:65,0
DA:69,0
DA:71,0
DA:73,0
DA:75,0
DA:77,0
DA:80,0
DA:82,0
LF:37
LH:0
BRF:0
BRH:0
end_of_record
TN:
SF:reviews/review.crudl.ts
FN:5,list
FN:33,(anonymous_16)
FN:41,read
FN:52,create
FN:56,(anonymous_23)
FN:79,update
FN:93,(anonymous_27)
FN:114,destroy
FNF:8
FNH:8
FNDA:2,list
FNDA:18,(anonymous_16)
FNDA:1,read
FNDA:20,create
FNDA:120,(anonymous_23)
FNDA:9,update
FNDA:18,(anonymous_27)
FNDA:1,destroy
DA:1,1
DA:2,1
DA:3,1
DA:5,2
DA:6,2
DA:7,2
DA:8,2
DA:11,2
DA:12,2
DA:13,2
DA:15,2
DA:16,0
DA:18,2
DA:32,2
DA:33,18
DA:37,0
DA:43,1
DA:44,1
DA:46,1
DA:48,0
DA:55,20
DA:56,20
DA:57,120
DA:61,40
DA:64,20
DA:66,40
DA:69,0
DA:73,20
DA:75,0
DA:82,9
DA:85,9
DA:89,0
DA:93,9
DA:94,18
DA:98,18
DA:102,18
DA:105,0
DA:108,9
DA:110,0
DA:116,1
DA:118,2
DA:121,0
DA:123,2
DA:126,1
DA:128,0
DA:133,1
DA:134,1
DA:135,1
DA:136,1
DA:137,1
LF:50
LH:40
BRDA:5,0,0,1
BRDA:5,0,1,1
BRDA:5,1,0,1
BRDA:5,1,1,1
BRDA:5,2,0,1
BRDA:5,2,1,1
BRDA:5,3,0,1
BRDA:5,3,1,1
BRDA:8,4,0,1
BRDA:8,4,1,1
BRDA:15,5,0,0
BRDA:15,5,1,2
BRDA:26,6,0,2
BRDA:26,6,1,0
BRDA:27,7,0,1
BRDA:27,7,1,1
BRDA:123,8,0,1
BRF:17
BRH:15
end_of_record
TN:
SF:reviews/review.model.ts
FN:11,(anonymous_2)
FN:56,(anonymous_4)
FNF:2
FNH:2
FNDA:60,(anonymous_2)
FNDA:38,(anonymous_4)
DA:1,1
DA:8,1
DA:11,1
DA:14,1
DA:19,1
DA:24,1
DA:28,1
DA:32,1
DA:35,1
DA:38,1
DA:42,1
DA:46,1
DA:50,1
DA:54,1
DA:56,59
DA:57,38
DA:58,38
DA:59,38
DA:60,38
DA:61,38
DA:62,38
DA:63,38
DA:64,38
DA:65,38
DA:66,38
DA:67,38
DA:68,38
DA:81,1
LF:28
LH:28
BRF:0
BRH:0
end_of_record
TN:
SF:users/user.controller.ts
FN:4,(anonymous_13)
FN:5,(anonymous_15)
FN:5,(anonymous_16)
FN:15,(anonymous_18)
FN:15,(anonymous_19)
FN:27,(anonymous_21)
FN:27,(anonymous_22)
FN:39,(anonymous_24)
FN:39,(anonymous_25)
FN:52,(anonymous_27)
FN:52,(anonymous_28)
FNF:11
FNH:0
FNDA:0,(anonymous_13)
FNDA:0,(anonymous_15)
FNDA:0,(anonymous_16)
FNDA:0,(anonymous_18)
FNDA:0,(anonymous_19)
FNDA:0,(anonymous_21)
FNDA:0,(anonymous_22)
FNDA:0,(anonymous_24)
FNDA:0,(anonymous_25)
FNDA:0,(anonymous_27)
FNDA:0,(anonymous_28)
DA:2,0
DA:4,0
DA:5,0
DA:7,0
DA:9,0
DA:11,0
DA:15,0
DA:17,0
DA:19,0
DA:21,0
DA:23,0
DA:27,0
DA:28,0
DA:31,0
DA:33,0
DA:35,0
DA:39,0
DA:40,0
DA:43,0
DA:44,0
DA:46,0
DA:48,0
DA:52,0
DA:54,0
DA:56,0
DA:58,0
DA:60,0
DA:63,0
DA:65,0
LF:29
LH:0
BRF:0
BRH:0
end_of_record
TN:
SF:users/user.crudl.ts
FN:5,list
FN:17,read
FN:30,create
FN:34,(anonymous_22)
FN:60,update
FN:74,(anonymous_26)
FN:95,destroy
FNF:7
FNH:0
FNDA:0,list
FNDA:0,read
FNDA:0,create
FNDA:0,(anonymous_22)
FNDA:0,update
FNDA:0,(anonymous_26)
FNDA:0,destroy
DA:1,0
DA:2,0
DA:3,0
DA:7,0
DA:8,0
DA:11,0
DA:13,0
DA:19,0
DA:20,0
DA:24,0
DA:26,0
DA:33,0
DA:34,0
DA:35,0
DA:39,0
DA:42,0
DA:45,0
DA:47,0
DA:50,0
DA:54,0
DA:56,0
DA:63,0
DA:66,0
DA:70,0
DA:74,0
DA:75,0
DA:79,0
DA:83,0
DA:86,0
DA:89,0
DA:91,0
DA:97,0
DA:99,0
DA:102,0
DA:104,0
DA:107,0
DA:109,0
DA:114,0
DA:115,0
DA:116,0
DA:117,0
DA:118,0
LF:42
LH:0
BRDA:104,0,0,0
BRF:1
BRH:0
end_of_record
TN:
SF:users/user.dal.ts
FN:6,login
FN:38,changePassword
FNF:2
FNH:0
FNDA:0,login
FNDA:0,changePassword
DA:1,0
DA:2,0
DA:3,0
DA:4,0
DA:9,0
DA:10,0
DA:11,0
DA:15,0
DA:16,0
DA:18,0
DA:20,0
DA:24,0
DA:25,0
DA:28,0
DA:34,0
DA:39,0
DA:42,0
DA:43,0
DA:46,0
DA:47,0
DA:50,0
DA:52,0
DA:56,0
DA:57,0
DA:60,0
DA:61,0
DA:64,0
DA:65,0
DA:68,0
DA:73,0
DA:74,0
LF:31
LH:0
BRDA:10,0,0,0
BRDA:10,0,1,0
BRDA:10,1,0,0
BRDA:10,1,1,0
BRDA:24,2,0,0
BRDA:24,2,1,0
BRDA:42,3,0,0
BRDA:42,3,1,0
BRDA:42,4,0,0
BRDA:42,4,1,0
BRDA:56,5,0,0
BRDA:56,5,1,0
BRF:12
BRH:0
end_of_record
TN:
SF:users/user.model.ts
FN:14,(anonymous_2)
FN:59,(anonymous_4)
FN:63,(anonymous_5)
FNF:3
FNH:0
FNDA:0,(anonymous_2)
FNDA:0,(anonymous_4)
FNDA:0,(anonymous_5)
DA:1,0
DA:9,0
DA:10,0
DA:14,0
DA:17,0
DA:22,0
DA:27,0
DA:32,0
DA:36,0
DA:41,0
DA:45,0
DA:49,0
DA:53,0
DA:57,0
DA:59,0
DA:60,0
DA:63,0
DA:64,0
DA:66,0
LF:19
LH:0
BRF:0
BRH:0
end_of_record
TN:
SF:users/migration/1590844108159-CreateAdminUser.ts
FN:4,(anonymous_13)
FN:5,(anonymous_15)
FN:18,(anonymous_18)
FNF:3
FNH:0
FNDA:0,(anonymous_13)
FNDA:0,(anonymous_15)
FNDA:0,(anonymous_18)
DA:1,0
DA:2,0
DA:4,0
DA:5,0
DA:6,0
DA:7,0
DA:8,0
DA:9,0
DA:10,0
DA:11,0
DA:12,0
DA:13,0
DA:14,0
DA:15,0
DA:18,0
DA:20,0
LF:16
LH:0
BRF:0
BRH:0
end_of_record
